Arguments: 
  D:\Node\node.exe C:\Users\anton\AppData\Roaming\npm\node_modules\yarn\bin\yarn.js install

PATH: 
  C:\Program Files (x86)\Razer Chroma SDK\bin;C:\Program Files\Razer Chroma SDK\bin;C:\Program Files\Eclipse Foundation\jdk-8.0.302.8-hotspot\bin;C:\Program Files (x86)\Razer\ChromaBroadcast\bin;C:\Program Files\Razer\ChromaBroadcast\bin;C:\WINDOWS\system32;C:\WINDOWS;C:\WINDOWS\System32\Wbem;C:\WINDOWS\System32\WindowsPowerShell\v1.0\;C:\WINDOWS\System32\OpenSSH\;C:\Program Files\NVIDIA Corporation\NVIDIA NvDLISR;C:\Program Files (x86)\NVIDIA Corporation\PhysX\Common;C:\WINDOWS\system32\config\systemprofile\AppData\Local\Microsoft\WindowsApps;D:\Node\;C:\Program Files\Microsoft SQL Server\130\Tools\Binn\;C:\Program Files\Microsoft SQL Server\Client SDK\ODBC\170\Tools\Binn\;C:\Program Files\dotnet\;C:\Program Files\Git\cmd;C:\Users\anton\AppData\Local\Microsoft\WindowsApps;D:\WebStorm 2021.2.3\bin;;C:\Users\anton\AppData\Roaming\npm;C:\Users\anton\.dotnet\tools;D:\Microsoft VS Code\bin

Yarn version: 
  1.22.17

Node version: 
  16.13.0

Platform: 
  win32 x64

Trace: 
  SyntaxError: D:\HW\landing\package.json: Unexpected token } in JSON at position 179
      at JSON.parse (<anonymous>)
      at C:\Users\anton\AppData\Roaming\npm\node_modules\yarn\lib\cli.js:1625:59
      at Generator.next (<anonymous>)
      at step (C:\Users\anton\AppData\Roaming\npm\node_modules\yarn\lib\cli.js:310:30)
      at C:\Users\anton\AppData\Roaming\npm\node_modules\yarn\lib\cli.js:321:13

npm manifest: 
  {
    "name": "landing",
    "version": "1.0.0",
    "main": "index.js",
    "license": "MIT",
    "scripts": {
      "start": "gulp",
      "clean": "gulp clean",
      "build": "gulp build",
    },
    "dependencies": {
      "@babel/core": "7.16.7",
      "@babel/preset-env": "7.16.7",
      "browser-sync": "2.27.7",
      "del": "6.0.0",
      "gulp": "4.0.2",
      "gulp-babel": "8.0.0",
      "gulp-concat": "2.6.1",
      "gulp-copy": "4.0.1",
      "gulp-debug": "4.0.0",
      "gulp-file-include": "2.3.0",
      "gulp-less": "5.0.0",
      "gulp-sass": "5.1.0",
      "prettier": "2.5.1",
      "through2": "4.0.2",
      "sass": "1.45.2",
      "typescript": "4.5.4",
      "gulp-typescript": "6.0.0-alpha.1",
      "gulp-sourcemaps": "3.0.0"
    },
    "devDependencies": {
      "@types/gulp": "4.0.9"
    }
  }

yarn manifest: 
  No manifest

Lockfile: 
  No lockfile
